{
  "RSpec": {
    "coverage": {
      "c:/Sites/forum/spec/models/comment_spec.rb": [
        1,
        null,
        1,
        null,
        3,
        3,
        3,
        3,
        null,
        1,
        1,
        1,
        1,
        1,
        null,
        null,
        null,
        1,
        1,
        1,
        1,
        null,
        null,
        null
      ],
      "c:/Sites/forum/spec/rails_helper.rb": [
        null,
        1,
        1,
        1,
        null,
        1,
        1,
        null,
        null,
        null,
        null,
        null,
        null,
        null,
        null,
        null,
        null,
        null,
        null,
        null,
        null,
        null,
        null,
        null,
        null,
        null,
        1,
        null,
        1,
        null,
        1,
        null,
        null,
        null,
        null,
        1,
        null,
        null,
        null,
        null,
        null,
        null,
        null,
        null,
        null,
        null,
        null,
        null,
        null,
        null,
        1,
        null,
        null,
        1,
        null,
        null,
        null
      ],
      "c:/Sites/forum/config/environment.rb": [
        null,
        1,
        null,
        null,
        1
      ],
      "c:/Sites/forum/config/application.rb": [
        1,
        null,
        1,
        null,
        1,
        1,
        null,
        null,
        null,
        1,
        null,
        1,
        1,
        null,
        null,
        null,
        null,
        null
      ],
      "c:/Sites/forum/config/boot.rb": [
        1,
        null,
        1
      ],
      "c:/Sites/forum/config/environments/test.rb": [
        1,
        null,
        null,
        null,
        null,
        null,
        null,
        1,
        null,
        null,
        null,
        null,
        1,
        null,
        null,
        1,
        1,
        null,
        null,
        null,
        null,
        1,
        1,
        null,
        null,
        1,
        null,
        null,
        1,
        1,
        null,
        null,
        null,
        null,
        1,
        null,
        null,
        1,
        null,
        null,
        null,
        null
      ],
      "c:/Sites/forum/config/initializers/application_controller_renderer.rb": [
        null,
        null,
        null,
        null,
        null,
        null
      ],
      "c:/Sites/forum/config/initializers/assets.rb": [
        null,
        null,
        null,
        1,
        null,
        null,
        null,
        null,
        null,
        null,
        null
      ],
      "c:/Sites/forum/config/initializers/backtrace_silencers.rb": [
        null,
        null,
        null,
        null,
        null,
        null,
        null
      ],
      "c:/Sites/forum/config/initializers/cookies_serializer.rb": [
        null,
        null,
        null,
        null,
        1
      ],
      "c:/Sites/forum/config/initializers/filter_parameter_logging.rb": [
        null,
        null,
        null,
        1
      ],
      "c:/Sites/forum/config/initializers/inflections.rb": [
        null,
        null,
        null,
        null,
        null,
        null,
        null,
        null,
        null,
        null,
        null,
        null,
        null,
        null,
        null,
        null
      ],
      "c:/Sites/forum/config/initializers/mime_types.rb": [
        null,
        null,
        null,
        null
      ],
      "c:/Sites/forum/config/initializers/new_framework_defaults.rb": [
        null,
        null,
        null,
        null,
        null,
        null,
        null,
        1,
        null,
        null,
        1,
        null,
        null,
        null,
        1,
        null,
        null,
        1,
        null,
        null,
        1,
        null,
        null,
        1
      ],
      "c:/Sites/forum/config/initializers/omni_auth.rb": [
        null,
        null,
        null,
        null,
        1,
        1,
        null,
        null,
        null,
        null,
        null,
        null,
        null
      ],
      "c:/Sites/forum/config/initializers/session_store.rb": [
        null,
        null,
        1
      ],
      "c:/Sites/forum/config/initializers/wrap_parameters.rb": [
        null,
        null,
        null,
        null,
        null,
        null,
        1,
        2,
        null,
        null,
        null,
        null,
        null,
        null
      ],
      "c:/Sites/forum/config/routes.rb": [
        1,
        1,
        null,
        1,
        null,
        1,
        null,
        1,
        null,
        null,
        null,
        1,
        null,
        1,
        1,
        null,
        null,
        1,
        null,
        1,
        null,
        null
      ],
      "c:/Sites/forum/app/helpers/application_helper.rb": [
        1,
        null
      ],
      "c:/Sites/forum/app/helpers/articles_helper.rb": [
        1,
        null
      ],
      "c:/Sites/forum/app/helpers/comments_helper.rb": [
        1,
        null
      ],
      "c:/Sites/forum/app/helpers/users_helper.rb": [
        1,
        null
      ],
      "c:/Sites/forum/app/helpers/welcome_helper.rb": [
        1,
        null
      ],
      "c:/Sites/forum/app/models/article.rb": [
        1,
        1,
        1,
        1,
        1,
        null
      ],
      "c:/Sites/forum/app/models/application_record.rb": [
        1,
        1,
        null
      ],
      "c:/Sites/forum/app/models/user.rb": [
        1,
        1,
        1,
        1,
        0,
        null,
        null,
        null,
        null,
        null,
        null,
        null
      ],
      "c:/Sites/forum/app/models/comment.rb": [
        1,
        1,
        1,
        1,
        null
      ]
    },
    "timestamp": 1496429602
  }
}
